WARNING:tensorflow:From train_single_machine.py:127: The name tf.app.run is deprecated. Please use tf.compat.v1.app.run instead.

WARNING:tensorflow:From train_single_machine.py:30: The name tf.gfile.Exists is deprecated. Please use tf.io.gfile.exists instead.

W0424 00:54:47.844480 47153449524672 deprecation_wrapper.py:119] From train_single_machine.py:30: The name tf.gfile.Exists is deprecated. Please use tf.io.gfile.exists instead.

WARNING:tensorflow:From train_single_machine.py:32: The name tf.gfile.MakeDirs is deprecated. Please use tf.io.gfile.makedirs instead.

W0424 00:54:47.848505 47153449524672 deprecation_wrapper.py:119] From train_single_machine.py:32: The name tf.gfile.MakeDirs is deprecated. Please use tf.io.gfile.makedirs instead.

WARNING:tensorflow:From train_single_machine.py:35: The name tf.set_random_seed is deprecated. Please use tf.compat.v1.set_random_seed instead.

W0424 00:54:47.851524 47153449524672 deprecation_wrapper.py:119] From train_single_machine.py:35: The name tf.set_random_seed is deprecated. Please use tf.compat.v1.set_random_seed instead.

WARNING:tensorflow:From train_single_machine.py:38: The name tf.train.get_or_create_global_step is deprecated. Please use tf.compat.v1.train.get_or_create_global_step instead.

W0424 00:54:47.852961 47153449524672 deprecation_wrapper.py:119] From train_single_machine.py:38: The name tf.train.get_or_create_global_step is deprecated. Please use tf.compat.v1.train.get_or_create_global_step instead.

WARNING:tensorflow:From /auto/dr-std/xq2/bkishore/PA7/cifar10_input.py:248: string_input_producer (from tensorflow.python.training.input) is deprecated and will be removed in a future version.
Instructions for updating:
Queue-based input pipelines have been replaced by `tf.data`. Use `tf.data.Dataset.from_tensor_slices(string_tensor).shuffle(tf.shape(input_tensor, out_type=tf.int64)[0]).repeat(num_epochs)`. If `shuffle=False`, omit the `.shuffle(...)`.
W0424 00:54:47.991778 47153449524672 deprecation.py:323] From /auto/dr-std/xq2/bkishore/PA7/cifar10_input.py:248: string_input_producer (from tensorflow.python.training.input) is deprecated and will be removed in a future version.
Instructions for updating:
Queue-based input pipelines have been replaced by `tf.data`. Use `tf.data.Dataset.from_tensor_slices(string_tensor).shuffle(tf.shape(input_tensor, out_type=tf.int64)[0]).repeat(num_epochs)`. If `shuffle=False`, omit the `.shuffle(...)`.
WARNING:tensorflow:From /home/rcf-40/bkishore/.local/lib/python3.6/site-packages/tensorflow/python/training/input.py:278: input_producer (from tensorflow.python.training.input) is deprecated and will be removed in a future version.
Instructions for updating:
Queue-based input pipelines have been replaced by `tf.data`. Use `tf.data.Dataset.from_tensor_slices(input_tensor).shuffle(tf.shape(input_tensor, out_type=tf.int64)[0]).repeat(num_epochs)`. If `shuffle=False`, omit the `.shuffle(...)`.
W0424 00:54:48.001914 47153449524672 deprecation.py:323] From /home/rcf-40/bkishore/.local/lib/python3.6/site-packages/tensorflow/python/training/input.py:278: input_producer (from tensorflow.python.training.input) is deprecated and will be removed in a future version.
Instructions for updating:
Queue-based input pipelines have been replaced by `tf.data`. Use `tf.data.Dataset.from_tensor_slices(input_tensor).shuffle(tf.shape(input_tensor, out_type=tf.int64)[0]).repeat(num_epochs)`. If `shuffle=False`, omit the `.shuffle(...)`.
WARNING:tensorflow:From /home/rcf-40/bkishore/.local/lib/python3.6/site-packages/tensorflow/python/training/input.py:190: limit_epochs (from tensorflow.python.training.input) is deprecated and will be removed in a future version.
Instructions for updating:
Queue-based input pipelines have been replaced by `tf.data`. Use `tf.data.Dataset.from_tensors(tensor).repeat(num_epochs)`.
W0424 00:54:48.003658 47153449524672 deprecation.py:323] From /home/rcf-40/bkishore/.local/lib/python3.6/site-packages/tensorflow/python/training/input.py:190: limit_epochs (from tensorflow.python.training.input) is deprecated and will be removed in a future version.
Instructions for updating:
Queue-based input pipelines have been replaced by `tf.data`. Use `tf.data.Dataset.from_tensors(tensor).repeat(num_epochs)`.
WARNING:tensorflow:From /home/rcf-40/bkishore/.local/lib/python3.6/site-packages/tensorflow/python/training/input.py:199: QueueRunner.__init__ (from tensorflow.python.training.queue_runner_impl) is deprecated and will be removed in a future version.
Instructions for updating:
To construct input pipelines, use the `tf.data` module.
W0424 00:54:48.007089 47153449524672 deprecation.py:323] From /home/rcf-40/bkishore/.local/lib/python3.6/site-packages/tensorflow/python/training/input.py:199: QueueRunner.__init__ (from tensorflow.python.training.queue_runner_impl) is deprecated and will be removed in a future version.
Instructions for updating:
To construct input pipelines, use the `tf.data` module.
WARNING:tensorflow:From /home/rcf-40/bkishore/.local/lib/python3.6/site-packages/tensorflow/python/training/input.py:199: add_queue_runner (from tensorflow.python.training.queue_runner_impl) is deprecated and will be removed in a future version.
Instructions for updating:
To construct input pipelines, use the `tf.data` module.
W0424 00:54:48.009253 47153449524672 deprecation.py:323] From /home/rcf-40/bkishore/.local/lib/python3.6/site-packages/tensorflow/python/training/input.py:199: add_queue_runner (from tensorflow.python.training.queue_runner_impl) is deprecated and will be removed in a future version.
Instructions for updating:
To construct input pipelines, use the `tf.data` module.
WARNING:tensorflow:From /auto/dr-std/xq2/bkishore/PA7/cifar10_input.py:95: FixedLengthRecordReader.__init__ (from tensorflow.python.ops.io_ops) is deprecated and will be removed in a future version.
Instructions for updating:
Queue-based input pipelines have been replaced by `tf.data`. Use `tf.data.FixedLengthRecordDataset`.
W0424 00:54:48.017017 47153449524672 deprecation.py:323] From /auto/dr-std/xq2/bkishore/PA7/cifar10_input.py:95: FixedLengthRecordReader.__init__ (from tensorflow.python.ops.io_ops) is deprecated and will be removed in a future version.
Instructions for updating:
Queue-based input pipelines have been replaced by `tf.data`. Use `tf.data.FixedLengthRecordDataset`.
WARNING:tensorflow:From /auto/dr-std/xq2/bkishore/PA7/cifar10_input.py:259: The name tf.image.resize_image_with_crop_or_pad is deprecated. Please use tf.image.resize_with_crop_or_pad instead.

W0424 00:54:48.153659 47153449524672 deprecation_wrapper.py:119] From /auto/dr-std/xq2/bkishore/PA7/cifar10_input.py:259: The name tf.image.resize_image_with_crop_or_pad is deprecated. Please use tf.image.resize_with_crop_or_pad instead.

WARNING:tensorflow:From /home/rcf-40/bkishore/.local/lib/python3.6/site-packages/tensorflow/python/ops/image_ops_impl.py:1514: div (from tensorflow.python.ops.math_ops) is deprecated and will be removed in a future version.
Instructions for updating:
Deprecated in favor of operator or tf.math.divide.
W0424 00:54:48.280591 47153449524672 deprecation.py:323] From /home/rcf-40/bkishore/.local/lib/python3.6/site-packages/tensorflow/python/ops/image_ops_impl.py:1514: div (from tensorflow.python.ops.math_ops) is deprecated and will be removed in a future version.
Instructions for updating:
Deprecated in favor of operator or tf.math.divide.
WARNING:tensorflow:From /auto/dr-std/xq2/bkishore/PA7/cifar10_input.py:148: batch (from tensorflow.python.training.input) is deprecated and will be removed in a future version.
Instructions for updating:
Queue-based input pipelines have been replaced by `tf.data`. Use `tf.data.Dataset.batch(batch_size)` (or `padded_batch(...)` if `dynamic_pad=True`).
W0424 00:54:48.282155 47153449524672 deprecation.py:323] From /auto/dr-std/xq2/bkishore/PA7/cifar10_input.py:148: batch (from tensorflow.python.training.input) is deprecated and will be removed in a future version.
Instructions for updating:
Queue-based input pipelines have been replaced by `tf.data`. Use `tf.data.Dataset.batch(batch_size)` (or `padded_batch(...)` if `dynamic_pad=True`).
WARNING:tensorflow:From /auto/dr-std/xq2/bkishore/PA7/cifar10_input.py:151: The name tf.summary.image is deprecated. Please use tf.compat.v1.summary.image instead.

W0424 00:54:48.295599 47153449524672 deprecation_wrapper.py:119] From /auto/dr-std/xq2/bkishore/PA7/cifar10_input.py:151: The name tf.summary.image is deprecated. Please use tf.compat.v1.summary.image instead.

WARNING:tensorflow:From /auto/dr-std/xq2/bkishore/PA7/simple_cnn.py:10: The name tf.variable_scope is deprecated. Please use tf.compat.v1.variable_scope instead.

W0424 00:54:48.300221 47153449524672 deprecation_wrapper.py:119] From /auto/dr-std/xq2/bkishore/PA7/simple_cnn.py:10: The name tf.variable_scope is deprecated. Please use tf.compat.v1.variable_scope instead.

WARNING:tensorflow:From /home/rcf-40/bkishore/.local/lib/python3.6/site-packages/tensorflow/contrib/layers/python/layers/layers.py:1634: flatten (from tensorflow.python.layers.core) is deprecated and will be removed in a future version.
Instructions for updating:
Use keras.layers.flatten instead.
W0424 00:54:53.920022 47153449524672 deprecation.py:323] From /home/rcf-40/bkishore/.local/lib/python3.6/site-packages/tensorflow/contrib/layers/python/layers/layers.py:1634: flatten (from tensorflow.python.layers.core) is deprecated and will be removed in a future version.
Instructions for updating:
Use keras.layers.flatten instead.
WARNING:tensorflow:From /auto/dr-std/xq2/bkishore/PA7/simple_cnn.py:41: The name tf.summary.scalar is deprecated. Please use tf.compat.v1.summary.scalar instead.

W0424 00:54:54.752782 47153449524672 deprecation_wrapper.py:119] From /auto/dr-std/xq2/bkishore/PA7/simple_cnn.py:41: The name tf.summary.scalar is deprecated. Please use tf.compat.v1.summary.scalar instead.

WARNING:tensorflow:From /auto/dr-std/xq2/bkishore/PA7/simple_cnn.py:42: The name tf.add_to_collection is deprecated. Please use tf.compat.v1.add_to_collection instead.

W0424 00:54:54.754381 47153449524672 deprecation_wrapper.py:119] From /auto/dr-std/xq2/bkishore/PA7/simple_cnn.py:42: The name tf.add_to_collection is deprecated. Please use tf.compat.v1.add_to_collection instead.

WARNING:tensorflow:From /auto/dr-std/xq2/bkishore/PA7/simple_cnn.py:43: The name tf.get_collection is deprecated. Please use tf.compat.v1.get_collection instead.

W0424 00:54:54.754661 47153449524672 deprecation_wrapper.py:119] From /auto/dr-std/xq2/bkishore/PA7/simple_cnn.py:43: The name tf.get_collection is deprecated. Please use tf.compat.v1.get_collection instead.

INFO:tensorflow:Summary name loss/cross_entropy (raw) is illegal; using loss/cross_entropy__raw_ instead.
I0424 00:54:54.810986 47153449524672 summary_op_util.py:66] Summary name loss/cross_entropy (raw) is illegal; using loss/cross_entropy__raw_ instead.
INFO:tensorflow:Summary name add (raw) is illegal; using add__raw_ instead.
I0424 00:54:54.813837 47153449524672 summary_op_util.py:66] Summary name add (raw) is illegal; using add__raw_ instead.
WARNING:tensorflow:From train_single_machine.py:69: The name tf.train.AdamOptimizer is deprecated. Please use tf.compat.v1.train.AdamOptimizer instead.

W0424 00:54:54.816639 47153449524672 deprecation_wrapper.py:119] From train_single_machine.py:69: The name tf.train.AdamOptimizer is deprecated. Please use tf.compat.v1.train.AdamOptimizer instead.

WARNING:tensorflow:From train_single_machine.py:76: The name tf.train.Saver is deprecated. Please use tf.compat.v1.train.Saver instead.

W0424 00:54:55.047059 47153449524672 deprecation_wrapper.py:119] From train_single_machine.py:76: The name tf.train.Saver is deprecated. Please use tf.compat.v1.train.Saver instead.

WARNING:tensorflow:From train_single_machine.py:76: The name tf.global_variables is deprecated. Please use tf.compat.v1.global_variables instead.

W0424 00:54:55.047300 47153449524672 deprecation_wrapper.py:119] From train_single_machine.py:76: The name tf.global_variables is deprecated. Please use tf.compat.v1.global_variables instead.

WARNING:tensorflow:From train_single_machine.py:79: The name tf.summary.merge_all is deprecated. Please use tf.compat.v1.summary.merge_all instead.

W0424 00:54:55.090204 47153449524672 deprecation_wrapper.py:119] From train_single_machine.py:79: The name tf.summary.merge_all is deprecated. Please use tf.compat.v1.summary.merge_all instead.

2020-04-24 00:54:55.102171: I tensorflow/core/platform/profile_utils/cpu_utils.cc:94] CPU Frequency: 2593835000 Hz
2020-04-24 00:54:55.102347: I tensorflow/compiler/xla/service/service.cc:168] XLA service 0x5669750 executing computations on platform Host. Devices:
2020-04-24 00:54:55.102380: I tensorflow/compiler/xla/service/service.cc:175]   StreamExecutor device (0): <undefined>, <undefined>
2020-04-24 00:54:55.269397: W tensorflow/compiler/jit/mark_for_compilation_pass.cc:1412] (One-time warning): Not using XLA:CPU for cluster because envvar TF_XLA_FLAGS=--tf_xla_cpu_global_jit was not set.  If you want XLA:CPU, either set that envvar, or use experimental_jit_scope to enable XLA:CPU.  To confirm that XLA is active, pass --vmodule=xla_compilation_cache=1 (as a proper command-line flag, not via TF_XLA_FLAGS) or set the envvar XLA_FLAGS=--xla_hlo_profile.
WARNING:tensorflow:From train_single_machine.py:91: start_queue_runners (from tensorflow.python.training.queue_runner_impl) is deprecated and will be removed in a future version.
Instructions for updating:
To construct input pipelines, use the `tf.data` module.
W0424 00:54:55.409224 47153449524672 deprecation.py:323] From train_single_machine.py:91: start_queue_runners (from tensorflow.python.training.queue_runner_impl) is deprecated and will be removed in a future version.
Instructions for updating:
To construct input pipelines, use the `tf.data` module.
WARNING:tensorflow:From train_single_machine.py:93: The name tf.summary.FileWriter is deprecated. Please use tf.compat.v1.summary.FileWriter instead.

W0424 00:54:55.417744 47153449524672 deprecation_wrapper.py:119] From train_single_machine.py:93: The name tf.summary.FileWriter is deprecated. Please use tf.compat.v1.summary.FileWriter instead.

2020-04-24 01:06:47.478376: W tensorflow/core/kernels/queue_base.cc:277] _0_input/input_producer: Skipping cancelled enqueue attempt with queue not closed
ERROR:tensorflow:Exception in QueueRunner: Run call was cancelled
E0424 01:06:47.483220 47155125434112 queue_runner_impl.py:275] Exception in QueueRunner: Run call was cancelled
Session started!
2020-04-24 00:54:56.346455: step 0, loss = 2.29 (156.8 examples/sec; 0.816 sec/batch)
2020-04-24 00:55:32.222424: step 100, loss = 2.01 (359.5 examples/sec; 0.356 sec/batch)
2020-04-24 00:56:08.145236: step 200, loss = 1.84 (359.3 examples/sec; 0.356 sec/batch)
2020-04-24 00:56:44.114414: step 300, loss = 1.80 (359.9 examples/sec; 0.356 sec/batch)
2020-04-24 00:57:20.035866: step 400, loss = 1.72 (361.0 examples/sec; 0.355 sec/batch)
2020-04-24 00:57:55.600417: step 500, loss = 1.51 (362.0 examples/sec; 0.354 sec/batch)
2020-04-24 00:58:31.044496: step 600, loss = 1.36 (361.8 examples/sec; 0.354 sec/batch)
2020-04-24 00:59:06.601670: step 700, loss = 1.59 (361.9 examples/sec; 0.354 sec/batch)
2020-04-24 00:59:42.031831: step 800, loss = 1.58 (360.8 examples/sec; 0.355 sec/batch)
2020-04-24 01:00:17.575082: step 900, loss = 1.49 (361.5 examples/sec; 0.354 sec/batch)
2020-04-24 01:00:52.996464: step 1000, loss = 1.46 (362.2 examples/sec; 0.353 sec/batch)
2020-04-24 01:01:28.510122: step 1100, loss = 1.55 (362.2 examples/sec; 0.353 sec/batch)
2020-04-24 01:02:03.883168: step 1200, loss = 1.38 (361.6 examples/sec; 0.354 sec/batch)
2020-04-24 01:02:39.392171: step 1300, loss = 1.34 (361.6 examples/sec; 0.354 sec/batch)
2020-04-24 01:03:14.774319: step 1400, loss = 1.43 (362.0 examples/sec; 0.354 sec/batch)
2020-04-24 01:03:50.255072: step 1500, loss = 1.52 (362.3 examples/sec; 0.353 sec/batch)
2020-04-24 01:04:25.605895: step 1600, loss = 1.33 (362.2 examples/sec; 0.353 sec/batch)
2020-04-24 01:05:01.089936: step 1700, loss = 1.19 (361.2 examples/sec; 0.354 sec/batch)
2020-04-24 01:05:36.482320: step 1800, loss = 1.33 (361.5 examples/sec; 0.354 sec/batch)
2020-04-24 01:06:12.014679: step 1900, loss = 1.29 (361.1 examples/sec; 0.354 sec/batch)
2020-04-24 01:06:47.362502: step 2000, loss = 1.26 (361.8 examples/sec; 0.354 sec/batch)
Session ended!
