2020-04-24 11:55:32.496839: I tensorflow/core/platform/cpu_feature_guard.cc:142] Your CPU supports instructions that this TensorFlow binary was not compiled to use: AVX2 FMA
2020-04-24 11:55:32.506863: I tensorflow/core/platform/profile_utils/cpu_utils.cc:94] CPU Frequency: 2599955000 Hz
2020-04-24 11:55:32.507041: I tensorflow/compiler/xla/service/service.cc:168] XLA service 0x5910f50 executing computations on platform Host. Devices:
2020-04-24 11:55:32.507078: I tensorflow/compiler/xla/service/service.cc:175]   StreamExecutor device (0): <undefined>, <undefined>
2020-04-24 11:55:32.510836: I tensorflow/core/distributed_runtime/rpc/grpc_channel.cc:250] Initialize GrpcChannelCache for job ps -> {0 -> hpc3242:2242}
2020-04-24 11:55:32.510858: I tensorflow/core/distributed_runtime/rpc/grpc_channel.cc:250] Initialize GrpcChannelCache for job worker -> {0 -> hpc3774:3348, 1 -> localhost:3309, 2 -> hpc3787:3631}
2020-04-24 11:55:32.511532: I tensorflow/core/distributed_runtime/rpc/grpc_server_lib.cc:365] Started server with target: grpc://localhost:3309
WARNING:tensorflow:From /auto/dr-std/xq2/bkishore/PA7/cifar10_input.py:243: The name tf.gfile.Exists is deprecated. Please use tf.io.gfile.exists instead.

W0424 11:55:32.694629 47181764357568 deprecation_wrapper.py:119] From /auto/dr-std/xq2/bkishore/PA7/cifar10_input.py:243: The name tf.gfile.Exists is deprecated. Please use tf.io.gfile.exists instead.

WARNING:tensorflow:From /auto/dr-std/xq2/bkishore/PA7/cifar10_input.py:248: string_input_producer (from tensorflow.python.training.input) is deprecated and will be removed in a future version.
Instructions for updating:
Queue-based input pipelines have been replaced by `tf.data`. Use `tf.data.Dataset.from_tensor_slices(string_tensor).shuffle(tf.shape(input_tensor, out_type=tf.int64)[0]).repeat(num_epochs)`. If `shuffle=False`, omit the `.shuffle(...)`.
W0424 11:55:32.696130 47181764357568 deprecation.py:323] From /auto/dr-std/xq2/bkishore/PA7/cifar10_input.py:248: string_input_producer (from tensorflow.python.training.input) is deprecated and will be removed in a future version.
Instructions for updating:
Queue-based input pipelines have been replaced by `tf.data`. Use `tf.data.Dataset.from_tensor_slices(string_tensor).shuffle(tf.shape(input_tensor, out_type=tf.int64)[0]).repeat(num_epochs)`. If `shuffle=False`, omit the `.shuffle(...)`.
WARNING:tensorflow:From /home/rcf-40/bkishore/.local/lib/python3.6/site-packages/tensorflow/python/training/input.py:278: input_producer (from tensorflow.python.training.input) is deprecated and will be removed in a future version.
Instructions for updating:
Queue-based input pipelines have been replaced by `tf.data`. Use `tf.data.Dataset.from_tensor_slices(input_tensor).shuffle(tf.shape(input_tensor, out_type=tf.int64)[0]).repeat(num_epochs)`. If `shuffle=False`, omit the `.shuffle(...)`.
W0424 11:55:32.703214 47181764357568 deprecation.py:323] From /home/rcf-40/bkishore/.local/lib/python3.6/site-packages/tensorflow/python/training/input.py:278: input_producer (from tensorflow.python.training.input) is deprecated and will be removed in a future version.
Instructions for updating:
Queue-based input pipelines have been replaced by `tf.data`. Use `tf.data.Dataset.from_tensor_slices(input_tensor).shuffle(tf.shape(input_tensor, out_type=tf.int64)[0]).repeat(num_epochs)`. If `shuffle=False`, omit the `.shuffle(...)`.
WARNING:tensorflow:From /home/rcf-40/bkishore/.local/lib/python3.6/site-packages/tensorflow/python/training/input.py:190: limit_epochs (from tensorflow.python.training.input) is deprecated and will be removed in a future version.
Instructions for updating:
Queue-based input pipelines have been replaced by `tf.data`. Use `tf.data.Dataset.from_tensors(tensor).repeat(num_epochs)`.
W0424 11:55:32.704364 47181764357568 deprecation.py:323] From /home/rcf-40/bkishore/.local/lib/python3.6/site-packages/tensorflow/python/training/input.py:190: limit_epochs (from tensorflow.python.training.input) is deprecated and will be removed in a future version.
Instructions for updating:
Queue-based input pipelines have been replaced by `tf.data`. Use `tf.data.Dataset.from_tensors(tensor).repeat(num_epochs)`.
WARNING:tensorflow:From /home/rcf-40/bkishore/.local/lib/python3.6/site-packages/tensorflow/python/training/input.py:199: QueueRunner.__init__ (from tensorflow.python.training.queue_runner_impl) is deprecated and will be removed in a future version.
Instructions for updating:
To construct input pipelines, use the `tf.data` module.
W0424 11:55:32.706709 47181764357568 deprecation.py:323] From /home/rcf-40/bkishore/.local/lib/python3.6/site-packages/tensorflow/python/training/input.py:199: QueueRunner.__init__ (from tensorflow.python.training.queue_runner_impl) is deprecated and will be removed in a future version.
Instructions for updating:
To construct input pipelines, use the `tf.data` module.
WARNING:tensorflow:From /home/rcf-40/bkishore/.local/lib/python3.6/site-packages/tensorflow/python/training/input.py:199: add_queue_runner (from tensorflow.python.training.queue_runner_impl) is deprecated and will be removed in a future version.
Instructions for updating:
To construct input pipelines, use the `tf.data` module.
W0424 11:55:32.708244 47181764357568 deprecation.py:323] From /home/rcf-40/bkishore/.local/lib/python3.6/site-packages/tensorflow/python/training/input.py:199: add_queue_runner (from tensorflow.python.training.queue_runner_impl) is deprecated and will be removed in a future version.
Instructions for updating:
To construct input pipelines, use the `tf.data` module.
WARNING:tensorflow:From /auto/dr-std/xq2/bkishore/PA7/cifar10_input.py:95: FixedLengthRecordReader.__init__ (from tensorflow.python.ops.io_ops) is deprecated and will be removed in a future version.
Instructions for updating:
Queue-based input pipelines have been replaced by `tf.data`. Use `tf.data.FixedLengthRecordDataset`.
W0424 11:55:32.713441 47181764357568 deprecation.py:323] From /auto/dr-std/xq2/bkishore/PA7/cifar10_input.py:95: FixedLengthRecordReader.__init__ (from tensorflow.python.ops.io_ops) is deprecated and will be removed in a future version.
Instructions for updating:
Queue-based input pipelines have been replaced by `tf.data`. Use `tf.data.FixedLengthRecordDataset`.
WARNING:tensorflow:From /auto/dr-std/xq2/bkishore/PA7/cifar10_input.py:259: The name tf.image.resize_image_with_crop_or_pad is deprecated. Please use tf.image.resize_with_crop_or_pad instead.

W0424 11:55:32.733438 47181764357568 deprecation_wrapper.py:119] From /auto/dr-std/xq2/bkishore/PA7/cifar10_input.py:259: The name tf.image.resize_image_with_crop_or_pad is deprecated. Please use tf.image.resize_with_crop_or_pad instead.

WARNING:tensorflow:From /home/rcf-40/bkishore/.local/lib/python3.6/site-packages/tensorflow/python/ops/image_ops_impl.py:1514: div (from tensorflow.python.ops.math_ops) is deprecated and will be removed in a future version.
Instructions for updating:
Deprecated in favor of operator or tf.math.divide.
W0424 11:55:32.763904 47181764357568 deprecation.py:323] From /home/rcf-40/bkishore/.local/lib/python3.6/site-packages/tensorflow/python/ops/image_ops_impl.py:1514: div (from tensorflow.python.ops.math_ops) is deprecated and will be removed in a future version.
Instructions for updating:
Deprecated in favor of operator or tf.math.divide.
WARNING:tensorflow:From /auto/dr-std/xq2/bkishore/PA7/cifar10_input.py:148: batch (from tensorflow.python.training.input) is deprecated and will be removed in a future version.
Instructions for updating:
Queue-based input pipelines have been replaced by `tf.data`. Use `tf.data.Dataset.batch(batch_size)` (or `padded_batch(...)` if `dynamic_pad=True`).
W0424 11:55:32.765158 47181764357568 deprecation.py:323] From /auto/dr-std/xq2/bkishore/PA7/cifar10_input.py:148: batch (from tensorflow.python.training.input) is deprecated and will be removed in a future version.
Instructions for updating:
Queue-based input pipelines have been replaced by `tf.data`. Use `tf.data.Dataset.batch(batch_size)` (or `padded_batch(...)` if `dynamic_pad=True`).
WARNING:tensorflow:From /auto/dr-std/xq2/bkishore/PA7/cifar10_input.py:151: The name tf.summary.image is deprecated. Please use tf.compat.v1.summary.image instead.

W0424 11:55:32.776100 47181764357568 deprecation_wrapper.py:119] From /auto/dr-std/xq2/bkishore/PA7/cifar10_input.py:151: The name tf.summary.image is deprecated. Please use tf.compat.v1.summary.image instead.

WARNING:tensorflow:From /auto/dr-std/xq2/bkishore/PA7/simple_cnn.py:10: The name tf.variable_scope is deprecated. Please use tf.compat.v1.variable_scope instead.

W0424 11:55:32.779642 47181764357568 deprecation_wrapper.py:119] From /auto/dr-std/xq2/bkishore/PA7/simple_cnn.py:10: The name tf.variable_scope is deprecated. Please use tf.compat.v1.variable_scope instead.

WARNING:tensorflow:From /home/rcf-40/bkishore/.local/lib/python3.6/site-packages/tensorflow/contrib/layers/python/layers/layers.py:1634: flatten (from tensorflow.python.layers.core) is deprecated and will be removed in a future version.
Instructions for updating:
Use keras.layers.flatten instead.
W0424 11:55:33.319645 47181764357568 deprecation.py:323] From /home/rcf-40/bkishore/.local/lib/python3.6/site-packages/tensorflow/contrib/layers/python/layers/layers.py:1634: flatten (from tensorflow.python.layers.core) is deprecated and will be removed in a future version.
Instructions for updating:
Use keras.layers.flatten instead.
WARNING:tensorflow:From /auto/dr-std/xq2/bkishore/PA7/simple_cnn.py:41: The name tf.summary.scalar is deprecated. Please use tf.compat.v1.summary.scalar instead.

W0424 11:55:33.885392 47181764357568 deprecation_wrapper.py:119] From /auto/dr-std/xq2/bkishore/PA7/simple_cnn.py:41: The name tf.summary.scalar is deprecated. Please use tf.compat.v1.summary.scalar instead.

WARNING:tensorflow:From /auto/dr-std/xq2/bkishore/PA7/simple_cnn.py:42: The name tf.add_to_collection is deprecated. Please use tf.compat.v1.add_to_collection instead.

W0424 11:55:33.887170 47181764357568 deprecation_wrapper.py:119] From /auto/dr-std/xq2/bkishore/PA7/simple_cnn.py:42: The name tf.add_to_collection is deprecated. Please use tf.compat.v1.add_to_collection instead.

WARNING:tensorflow:From /auto/dr-std/xq2/bkishore/PA7/simple_cnn.py:43: The name tf.get_collection is deprecated. Please use tf.compat.v1.get_collection instead.

W0424 11:55:33.887460 47181764357568 deprecation_wrapper.py:119] From /auto/dr-std/xq2/bkishore/PA7/simple_cnn.py:43: The name tf.get_collection is deprecated. Please use tf.compat.v1.get_collection instead.

INFO:tensorflow:Summary name add (raw) is illegal; using add__raw_ instead.
I0424 11:55:33.905702 47181764357568 summary_op_util.py:66] Summary name add (raw) is illegal; using add__raw_ instead.
WARNING:tensorflow:From train_PS.py:92: The name tf.train.AdamOptimizer is deprecated. Please use tf.compat.v1.train.AdamOptimizer instead.

W0424 11:55:33.908967 47181764357568 deprecation_wrapper.py:119] From train_PS.py:92: The name tf.train.AdamOptimizer is deprecated. Please use tf.compat.v1.train.AdamOptimizer instead.

WARNING:tensorflow:From train_PS.py:98: SyncReplicasOptimizer.__init__ (from tensorflow.python.training.sync_replicas_optimizer) is deprecated and will be removed in a future version.
Instructions for updating:
The `SyncReplicaOptimizer` class is deprecated. For synchrononous training, please use [Distribution Strategies](https://github.com/tensorflow/tensorflow/tree/master/tensorflow/contrib/distribute).
W0424 11:55:33.909223 47181764357568 deprecation.py:323] From train_PS.py:98: SyncReplicasOptimizer.__init__ (from tensorflow.python.training.sync_replicas_optimizer) is deprecated and will be removed in a future version.
Instructions for updating:
The `SyncReplicaOptimizer` class is deprecated. For synchrononous training, please use [Distribution Strategies](https://github.com/tensorflow/tensorflow/tree/master/tensorflow/contrib/distribute).
INFO:tensorflow:SyncReplicasV2: replicas_to_aggregate=3; total_num_replicas=3
I0424 11:55:33.909412 47181764357568 sync_replicas_optimizer.py:188] SyncReplicasV2: replicas_to_aggregate=3; total_num_replicas=3
WARNING:tensorflow:From /home/rcf-40/bkishore/.local/lib/python3.6/site-packages/tensorflow/python/ops/array_ops.py:1354: add_dispatch_support.<locals>.wrapper (from tensorflow.python.ops.array_ops) is deprecated and will be removed in a future version.
Instructions for updating:
Use tf.where in 2.0, which has the same broadcast rule as np.where
W0424 11:55:34.043310 47181764357568 deprecation.py:323] From /home/rcf-40/bkishore/.local/lib/python3.6/site-packages/tensorflow/python/ops/array_ops.py:1354: add_dispatch_support.<locals>.wrapper (from tensorflow.python.ops.array_ops) is deprecated and will be removed in a future version.
Instructions for updating:
Use tf.where in 2.0, which has the same broadcast rule as np.where
WARNING:tensorflow:From train_PS.py:117: The name tf.summary.merge_all is deprecated. Please use tf.compat.v1.summary.merge_all instead.

W0424 11:55:34.239309 47181764357568 deprecation_wrapper.py:119] From train_PS.py:117: The name tf.summary.merge_all is deprecated. Please use tf.compat.v1.summary.merge_all instead.

WARNING:tensorflow:From train_PS.py:120: The name tf.global_variables_initializer is deprecated. Please use tf.compat.v1.global_variables_initializer instead.

W0424 11:55:34.240447 47181764357568 deprecation_wrapper.py:119] From train_PS.py:120: The name tf.global_variables_initializer is deprecated. Please use tf.compat.v1.global_variables_initializer instead.

WARNING:tensorflow:From train_PS.py:123: The name tf.train.Scaffold is deprecated. Please use tf.compat.v1.train.Scaffold instead.

W0424 11:55:34.241639 47181764357568 deprecation_wrapper.py:119] From train_PS.py:123: The name tf.train.Scaffold is deprecated. Please use tf.compat.v1.train.Scaffold instead.

WARNING:tensorflow:From train_PS.py:128: The name tf.train.MonitoredTrainingSession is deprecated. Please use tf.compat.v1.train.MonitoredTrainingSession instead.

W0424 11:55:34.241889 47181764357568 deprecation_wrapper.py:119] From train_PS.py:128: The name tf.train.MonitoredTrainingSession is deprecated. Please use tf.compat.v1.train.MonitoredTrainingSession instead.

INFO:tensorflow:Graph was finalized.
I0424 11:55:34.520040 47181764357568 monitored_session.py:240] Graph was finalized.
2020-04-24 11:55:44.526644: I tensorflow/core/distributed_runtime/master.cc:268] CreateSession still waiting for response from worker: /job:ps/replica:0/task:0
2020-04-24 11:55:54.526815: I tensorflow/core/distributed_runtime/master.cc:268] CreateSession still waiting for response from worker: /job:ps/replica:0/task:0
2020-04-24 11:56:04.526988: I tensorflow/core/distributed_runtime/master.cc:268] CreateSession still waiting for response from worker: /job:ps/replica:0/task:0
2020-04-24 11:56:14.527132: I tensorflow/core/distributed_runtime/master.cc:268] CreateSession still waiting for response from worker: /job:ps/replica:0/task:0
2020-04-24 11:56:19.631743: W tensorflow/compiler/jit/mark_for_compilation_pass.cc:1412] (One-time warning): Not using XLA:CPU for cluster because envvar TF_XLA_FLAGS=--tf_xla_cpu_global_jit was not set.  If you want XLA:CPU, either set that envvar, or use experimental_jit_scope to enable XLA:CPU.  To confirm that XLA is active, pass --vmodule=xla_compilation_cache=1 (as a proper command-line flag, not via TF_XLA_FLAGS) or set the envvar XLA_FLAGS=--xla_hlo_profile.
INFO:tensorflow:Running local_init_op.
I0424 11:56:19.639517 47181764357568 session_manager.py:500] Running local_init_op.
INFO:tensorflow:Done running local_init_op.
I0424 11:56:19.666240 47181764357568 session_manager.py:502] Done running local_init_op.
WARNING:tensorflow:From /home/rcf-40/bkishore/.local/lib/python3.6/site-packages/tensorflow/python/training/monitored_session.py:875: start_queue_runners (from tensorflow.python.training.queue_runner_impl) is deprecated and will be removed in a future version.
Instructions for updating:
To construct input pipelines, use the `tf.data` module.
W0424 11:56:19.714760 47181764357568 deprecation.py:323] From /home/rcf-40/bkishore/.local/lib/python3.6/site-packages/tensorflow/python/training/monitored_session.py:875: start_queue_runners (from tensorflow.python.training.queue_runner_impl) is deprecated and will be removed in a future version.
Instructions for updating:
To construct input pipelines, use the `tf.data` module.
WARNING:tensorflow:From train_PS.py:136: The name tf.summary.FileWriter is deprecated. Please use tf.compat.v1.summary.FileWriter instead.

W0424 11:56:19.788631 47181764357568 deprecation_wrapper.py:119] From train_PS.py:136: The name tf.summary.FileWriter is deprecated. Please use tf.compat.v1.summary.FileWriter instead.

Session started!
Session ended!
